<?xml version="1.0" encoding="UTF-8"?>
<testsuite xmlns:xsi="http://www.w3.org/2001/XMLSchema-instance" xsi:noNamespaceSchemaLocation="https://maven.apache.org/surefire/maven-surefire-plugin/xsd/surefire-test-report.xsd" name="com.demo.web.TestWelcome" time="1.19" tests="2" errors="0" skipped="0" failures="1">
  <properties>
[...]
</properties>
  <testcase name="testAbc" classname="com.demo.web.TestWelcome" time="0.034"/>
  <testcase name="testWelcome" classname="com.demo.web.TestWelcome" time="0.095">
    <failure message="Model attribute &apos;msg&apos; expected:&lt;Hello World&gt; but was:&lt;null&gt;" type="java.lang.AssertionError"><![CDATA[java.lang.AssertionError: Model attribute 'msg' expected:<Hello World> but was:<null>
	at com.demo.web.TestWelcome.testWelcome(TestWelcome.java:47)
]]></failure>
    <system-out><![CDATA[2023-02-11 01:03:48 [main] DEBUG c.d.web.controller.WelcomeController - Index trigger

MockHttpServletRequest:
      HTTP Method = GET
      Request URI = /
       Parameters = {}
          Headers = {}
             Body = <no character encoding set>
    Session Attrs = {}

Handler:
             Type = com.demo.web.controller.WelcomeController
           Method = public java.lang.String com.demo.web.controller.WelcomeController.index(org.springframework.ui.Model)

Async:
    Async started = false
     Async result = null

Resolved Exception:
             Type = null

ModelAndView:
        View name = index
             View = null
        Attribute = userError
            value = 
        Attribute = passwordError
            value = 
        Attribute = username
            value = test
        Attribute = password
            value = test

FlashMap:
       Attributes = null

MockHttpServletResponse:
           Status = 200
    Error message = null
          Headers = {Content-Language=[en]}
     Content type = null
             Body = 
    Forwarded URL = /WEB-INF/views/index.jsp
   Redirected URL = null
          Cookies = []
]]></system-out>
  </testcase>
</testsuite>